0 info it worked if it ends with ok
1 verbose cli [ '/export/estudiantes/james.garzon/opt/packages/node-v4.5.0-linux-x64/bin/node',
1 verbose cli   '/export/estudiantes/james.garzon/opt/node/bin/npm',
1 verbose cli   'test' ]
2 info using npm@2.15.9
3 info using node@v4.5.0
4 verbose stack Error: ENOENT: no such file or directory, open '/export/estudiantes/james.garzon/Documentos/package.json'
4 verbose stack     at Error (native)
5 verbose cwd /export/estudiantes/james.garzon/Documentos
6 error Linux 3.11-2-amd64
7 error argv "/export/estudiantes/james.garzon/opt/packages/node-v4.5.0-linux-x64/bin/node" "/export/estudiantes/james.garzon/opt/node/bin/npm" "test"
8 error node v4.5.0
9 error npm  v2.15.9
10 error path /export/estudiantes/james.garzon/Documentos/package.json
11 error code ENOENT
12 error errno -2
13 error syscall open
14 error enoent ENOENT: no such file or directory, open '/export/estudiantes/james.garzon/Documentos/package.json'
14 error enoent This is most likely not a problem with npm itself
14 error enoent and is related to npm not being able to find a file.
15 verbose exit [ -2, true ]
